Using pre-set license
Built from '2020.3/staging' branch; Version is '2020.3.16f1 (049d6eca3c44) revision 302446'; Using compiler version '192528614'; Build Type 'Release'
OS: 'Windows 10 Enterprise; OS build 19042.1165; Version 2009; 64bit' Language: 'en' Physical Memory: 16229 MB
BatchMode: 1, IsHumanControllingUs: 0, StartBugReporterOnCrash: 0, Is64bit: 1, IsPro: 0

 COMMAND LINE ARGUMENTS:
C:\Program Files\Unity\Hub\Editor\2020.3.16f1\Editor\Unity.exe
-adb2
-batchMode
-noUpm
-name
AssetImportWorker0
-projectPath
C:/Users/jsmith22/MyFirstGame
-logFile
Logs/AssetImportWorker0.log
-srvPort
55862
Successfully changed project path to: C:/Users/jsmith22/MyFirstGame
C:/Users/jsmith22/MyFirstGame
Using Asset Import Pipeline V2.
Refreshing native plugins compatible for Editor in 61.96 ms, found 2 plugins.
Preloading 0 native plugins for Editor in 0.00 ms.
Initialize engine version: 2020.3.16f1 (049d6eca3c44)
[Subsystems] Discovering subsystems at path C:/Program Files/Unity/Hub/Editor/2020.3.16f1/Editor/Data/Resources/UnitySubsystems
[Subsystems] Discovering subsystems at path C:/Users/jsmith22/MyFirstGame/Assets
GfxDevice: creating device client; threaded=0
Direct3D:
    Version:  Direct3D 11.0 [level 11.1]
    Renderer: NVIDIA Quadro P2000 (ID=0x1cba)
    Vendor:   
    VRAM:     4018 MB
    Driver:   27.21.14.6294
Initialize mono
Mono path[0] = 'C:/Program Files/Unity/Hub/Editor/2020.3.16f1/Editor/Data/Managed'
Mono path[1] = 'C:/Program Files/Unity/Hub/Editor/2020.3.16f1/Editor/Data/MonoBleedingEdge/lib/mono/unityjit'
Mono config path = 'C:/Program Files/Unity/Hub/Editor/2020.3.16f1/Editor/Data/MonoBleedingEdge/etc'
Using monoOptions --debugger-agent=transport=dt_socket,embedding=1,server=y,suspend=n,address=127.0.0.1:56020
Begin MonoManager ReloadAssembly
Registering precompiled unity dll's ...
Register platform support module: C:/Program Files/Unity/Hub/Editor/2020.3.16f1/Editor/Data/PlaybackEngines/WebGLSupport/UnityEditor.WebGL.Extensions.dll
Register platform support module: C:/Program Files/Unity/Hub/Editor/2020.3.16f1/Editor/Data/PlaybackEngines/WindowsStandaloneSupport/UnityEditor.WindowsStandalone.Extensions.dll
Registered in 0.005363 seconds.
Native extension for WindowsStandalone target not found
Native extension for WebGL target not found
Refreshing native plugins compatible for Editor in 64.26 ms, found 2 plugins.
Preloading 0 native plugins for Editor in 0.00 ms.
Mono: successfully reloaded assembly
- Completed reload, in  3.767 seconds
Domain Reload Profiling:
	ReloadAssembly (3768ms)
		BeginReloadAssembly (207ms)
			ExecutionOrderSort (0ms)
			DisableScriptedObjects (0ms)
			BackupInstance (0ms)
			ReleaseScriptingObjects (0ms)
			CreateAndSetChildDomain (2ms)
		EndReloadAssembly (851ms)
			LoadAssemblies (199ms)
			RebuildTransferFunctionScriptingTraits (0ms)
			SetupTypeCache (259ms)
			ReleaseScriptCaches (0ms)
			RebuildScriptCaches (92ms)
			SetupLoadedEditorAssemblies (359ms)
				LogAssemblyErrors (0ms)
				InitializePlatformSupportModulesInManaged (10ms)
				SetLoadedEditorAssemblies (0ms)
				RefreshPlugins (64ms)
				BeforeProcessingInitializeOnLoad (20ms)
				ProcessInitializeOnLoadAttributes (216ms)
				ProcessInitializeOnLoadMethodAttributes (47ms)
				AfterProcessingInitializeOnLoad (0ms)
				EditorAssembliesLoaded (0ms)
			ExecutionOrderSort2 (0ms)
			AwakeInstancesAfterBackupRestoration (0ms)
Platform modules already initialized, skipping
Registering precompiled user dll's ...
Registered in 0.011617 seconds.
Begin MonoManager ReloadAssembly
Native extension for WindowsStandalone target not found
Native extension for WebGL target not found
Refreshing native plugins compatible for Editor in 0.51 ms, found 2 plugins.
Preloading 0 native plugins for Editor in 0.00 ms.
Mono: successfully reloaded assembly
- Completed reload, in  1.338 seconds
Domain Reload Profiling:
	ReloadAssembly (1339ms)
		BeginReloadAssembly (228ms)
			ExecutionOrderSort (0ms)
			DisableScriptedObjects (6ms)
			BackupInstance (0ms)
			ReleaseScriptingObjects (0ms)
			CreateAndSetChildDomain (36ms)
		EndReloadAssembly (1020ms)
			LoadAssemblies (147ms)
			RebuildTransferFunctionScriptingTraits (0ms)
			SetupTypeCache (301ms)
			ReleaseScriptCaches (0ms)
			RebuildScriptCaches (45ms)
			SetupLoadedEditorAssemblies (448ms)
				LogAssemblyErrors (0ms)
				InitializePlatformSupportModulesInManaged (12ms)
				SetLoadedEditorAssemblies (1ms)
				RefreshPlugins (1ms)
				BeforeProcessingInitializeOnLoad (80ms)
				ProcessInitializeOnLoadAttributes (340ms)
				ProcessInitializeOnLoadMethodAttributes (5ms)
				AfterProcessingInitializeOnLoad (9ms)
				EditorAssembliesLoaded (0ms)
			ExecutionOrderSort2 (0ms)
			AwakeInstancesAfterBackupRestoration (9ms)
Platform modules already initialized, skipping
========================================================================
Worker process is ready to serve import requests
Launched and connected shader compiler UnityShaderCompiler.exe after 0.11 seconds
Refreshing native plugins compatible for Editor in 0.34 ms, found 2 plugins.
Preloading 0 native plugins for Editor in 0.00 ms.
Unloading 1398 Unused Serialized files (Serialized files now loaded: 0)
System memory in use before: 64.9 MB.
System memory in use after: 65.0 MB.

Unloading 18 unused Assets to reduce memory usage. Loaded Objects now: 1831.
Total: 3.848400 ms (FindLiveObjects: 0.186100 ms CreateObjectMapping: 0.050400 ms MarkObjects: 3.511600 ms  DeleteObjects: 0.098800 ms)

AssetImportParameters requested are different than current active one (requested -> active):
  custom:framework-win-MediaFoundation: 216162199b28c13a410421893ffa2e32 -> 
  custom:video-decoder-ogg-theora: a1e56fd34408186e4bbccfd4996cb3dc -> 
  custom:container-muxer-webm: aa71ff27fc2769a1b78a27578f13a17b -> 
  custom:container-demuxer-webm: 4f35f7cbe854078d1ac9338744f61a02 -> 
  custom:container-demuxer-ogg: 62fdf1f143b41e24485cea50d1cbac27 -> 
  custom:video-encoder-webm-vp8: eb34c28f22e8b96e1ab97ce403110664 -> 
  custom:video-decoder-webm-vp8: 9c59270c3fd7afecdb556c50c9e8de78 -> 
  custom:audio-decoder-ogg-vorbis: bf7c407c2cedff20999df2af8eb42d56 -> 
  custom:audio-encoder-webm-vorbis: bf7c407c2cedff20999df2af8eb42d56 -> 
========================================================================
Received Import Request.
  path: Assets/Scripts/Clouds.cs
  artifactKey: Guid(f5603a3afb74b9448bcfd056ddec0ec0) Importer(815301076,1909f56bfc062723c751e8b465ee728b)
Start importing Assets/Scripts/Clouds.cs using Guid(f5603a3afb74b9448bcfd056ddec0ec0) Importer(815301076,1909f56bfc062723c751e8b465ee728b)  -> (artifact id: '145fbbf9069fedcd8161b2ef79e872b5') in 0.052907 seconds 
  Import took 0.055810 seconds .

========================================================================
Received Import Request.
  Time since last request: 1759.336024 seconds.
  path: Assets/Models/Rocks.mat
  artifactKey: Guid(988d12822e2904548874ba3a0f496e86) Importer(815301076,1909f56bfc062723c751e8b465ee728b)
Start importing Assets/Models/Rocks.mat using Guid(988d12822e2904548874ba3a0f496e86) Importer(815301076,1909f56bfc062723c751e8b465ee728b)  -> (artifact id: 'cd49b39abdb14ddf9b59c5e370b14504') in 0.256182 seconds 
  Import took 0.264020 seconds .

========================================================================
Received Import Request.
  Time since last request: 115.457845 seconds.
  path: Assets/Models/Stone.mat
  artifactKey: Guid(e9746e1c221c2c542851ed5662be9da5) Importer(815301076,1909f56bfc062723c751e8b465ee728b)
Start importing Assets/Models/Stone.mat using Guid(e9746e1c221c2c542851ed5662be9da5) Importer(815301076,1909f56bfc062723c751e8b465ee728b)  -> (artifact id: 'aaacfc99d77de7abab5c9af630d1211d') in 0.017846 seconds 
  Import took 0.022969 seconds .

========================================================================
Received Import Request.
  Time since last request: 718.870238 seconds.
  path: Assets/Models/source/LP_Crate.fbx
  artifactKey: Guid(9d07f024728196e4aad9d2e812ccdcb7) Importer(815301076,1909f56bfc062723c751e8b465ee728b)
Start importing Assets/Models/source/LP_Crate.fbx using Guid(9d07f024728196e4aad9d2e812ccdcb7) Importer(815301076,1909f56bfc062723c751e8b465ee728b)  -> (artifact id: '7b12cacd0b534c9038cdbcd783d40c17') in 0.293453 seconds 
  Import took 0.300328 seconds .

========================================================================
Received Import Request.
  Time since last request: 2.394248 seconds.
  path: Assets/Models/textures/crate_ao.png
  artifactKey: Guid(ecff0661a11a21244af88494d703ab92) Importer(815301076,1909f56bfc062723c751e8b465ee728b)
Start importing Assets/Models/textures/crate_ao.png using Guid(ecff0661a11a21244af88494d703ab92) Importer(815301076,1909f56bfc062723c751e8b465ee728b)  -> (artifact id: '06bb295fb12705ee4204479137654c7d') in 0.113254 seconds 
  Import took 0.118707 seconds .

========================================================================
Received Import Request.
  Time since last request: 0.000642 seconds.
  path: Assets/Models/textures/crate_normal.png
  artifactKey: Guid(aa386520a199fc544ba621e4153185c2) Importer(815301076,1909f56bfc062723c751e8b465ee728b)
Start importing Assets/Models/textures/crate_normal.png using Guid(aa386520a199fc544ba621e4153185c2) Importer(815301076,1909f56bfc062723c751e8b465ee728b)  -> (artifact id: 'fd3a09a259b874a7a2a5c882bf0a58bf') in 0.026158 seconds 
  Import took 0.033983 seconds .

========================================================================
Received Import Request.
  Time since last request: 1.450836 seconds.
  path: Assets/Models/textures
  artifactKey: Guid(88ed2a591b449a9499d6aacc0722043d) Importer(815301076,1909f56bfc062723c751e8b465ee728b)
Start importing Assets/Models/textures using Guid(88ed2a591b449a9499d6aacc0722043d) Importer(815301076,1909f56bfc062723c751e8b465ee728b)  -> (artifact id: 'f213af21874c561952c5fedc118490ba') in 0.011177 seconds 
  Import took 0.016006 seconds .

========================================================================
Received Import Request.
  Time since last request: 374.491789 seconds.
  path: Assets/Models/Materials/crate_ao.mat
  artifactKey: Guid(408a119c6a42c5244a71e6e353a6b3c4) Importer(815301076,1909f56bfc062723c751e8b465ee728b)
Start importing Assets/Models/Materials/crate_ao.mat using Guid(408a119c6a42c5244a71e6e353a6b3c4) Importer(815301076,1909f56bfc062723c751e8b465ee728b)  -> (artifact id: '0cb32154e912b9cb69e4c0a5183960ed') in 0.025858 seconds 
  Import took 0.040555 seconds .

========================================================================
Received Import Request.
  Time since last request: 0.000669 seconds.
  path: Assets/Models/Materials/crate_normal.mat
  artifactKey: Guid(9e02973099f592f4daefabab123fe425) Importer(815301076,1909f56bfc062723c751e8b465ee728b)
Start importing Assets/Models/Materials/crate_normal.mat using Guid(9e02973099f592f4daefabab123fe425) Importer(815301076,1909f56bfc062723c751e8b465ee728b)  -> (artifact id: '2c6018e6fe435ce00872e115b6102fa6') in 0.029262 seconds 
  Import took 0.035430 seconds .

========================================================================
Received Import Request.
  Time since last request: 146.333070 seconds.
  path: Assets/textures/Rocks.mat
  artifactKey: Guid(988d12822e2904548874ba3a0f496e86) Importer(815301076,1909f56bfc062723c751e8b465ee728b)
Start importing Assets/textures/Rocks.mat using Guid(988d12822e2904548874ba3a0f496e86) Importer(815301076,1909f56bfc062723c751e8b465ee728b)  -> (artifact id: 'd137f9f134adc92917938c96430c247c') in 0.026117 seconds 
  Import took 0.031343 seconds .

========================================================================
Received Import Request.
  Time since last request: 37.442233 seconds.
  path: Assets/Scripts
  artifactKey: Guid(7c4ac461e39a198469533a6e9cd85032) Importer(815301076,1909f56bfc062723c751e8b465ee728b)
Start importing Assets/Scripts using Guid(7c4ac461e39a198469533a6e9cd85032) Importer(815301076,1909f56bfc062723c751e8b465ee728b)  -> (artifact id: 'ee9923080950c031d68d6f3ac79eb16c') in 0.004247 seconds 
  Import took 0.016905 seconds .

========================================================================
Received Import Request.
  Time since last request: 165.641991 seconds.
  path: Assets/Materials/crate_ao.mat
  artifactKey: Guid(3969cef14bb08cb409860eaf91ce33f0) Importer(815301076,1909f56bfc062723c751e8b465ee728b)
Start importing Assets/Materials/crate_ao.mat using Guid(3969cef14bb08cb409860eaf91ce33f0) Importer(815301076,1909f56bfc062723c751e8b465ee728b)  -> (artifact id: 'ed185b7847582ff11d33a8e4fac695ac') in 0.026861 seconds 
  Import took 0.040373 seconds .

========================================================================
Received Import Request.
  Time since last request: 0.000656 seconds.
  path: Assets/Materials/crate_normal.mat
  artifactKey: Guid(34275d07e9462ee42883cede2d72e739) Importer(815301076,1909f56bfc062723c751e8b465ee728b)
Start importing Assets/Materials/crate_normal.mat using Guid(34275d07e9462ee42883cede2d72e739) Importer(815301076,1909f56bfc062723c751e8b465ee728b)  -> (artifact id: 'e116caa2101081911665929c9b9088d0') in 0.024306 seconds 
  Import took 0.029239 seconds .

========================================================================
Received Import Request.
  Time since last request: 458.818405 seconds.
  path: Assets/textures/crate_ao.mat
  artifactKey: Guid(408a119c6a42c5244a71e6e353a6b3c4) Importer(815301076,1909f56bfc062723c751e8b465ee728b)
Start importing Assets/textures/crate_ao.mat using Guid(408a119c6a42c5244a71e6e353a6b3c4) Importer(815301076,1909f56bfc062723c751e8b465ee728b)  -> (artifact id: 'b1b04b5462a20665a062d1ad40e8e9c9') in 0.037166 seconds 
  Import took 0.042112 seconds .

AssetImportWorkerClient::OnTransportError - code=2 error=End of file
